Gtk-Message: Failed to load module "unity-gtk-module"
(01:57:20) prefs: Reading /home/usuario/.purple/prefs.xml
(01:57:20) prefs: Finished reading /home/usuario/.purple/prefs.xml
(01:57:20) prefs: purple_prefs_get_path: Unknown pref /pidgin/browsers/command
(01:57:20) dbus: okkk
(01:57:20) plugins: probing /usr/lib/pidgin/cap.so
(01:57:20) plugins: probing /usr/lib/pidgin/unity.so
(01:57:20) plugins: probing /usr/lib/pidgin/sendbutton.so
(01:57:20) plugins: probing /usr/lib/pidgin/timestamp_format.so
(01:57:20) plugins: probing /usr/lib/pidgin/ticker.so
(01:57:20) plugins: probing /usr/lib/pidgin/notify.so
(01:57:20) plugins: probing /usr/lib/pidgin/xmppdisco.so
(01:57:20) plugins: probing /usr/lib/pidgin/history.so
(01:57:20) plugins: probing /usr/lib/pidgin/gestures.so
(01:57:20) plugins: probing /usr/lib/pidgin/spellchk.so
(01:57:20) plugins: probing /usr/lib/pidgin/convcolors.so
(01:57:20) plugins: probing /usr/lib/pidgin/extplacement.so
(01:57:20) plugins: probing /usr/lib/pidgin/pidginrc.so
(01:57:20) plugins: probing /usr/lib/pidgin/iconaway.so
(01:57:20) plugins: probing /usr/lib/pidgin/gtkbuddynote.so
(01:57:20) plugins: probing /usr/lib/pidgin/xmppconsole.so
(01:57:20) plugins: probing /usr/lib/pidgin/markerline.so
(01:57:20) plugins: probing /usr/lib/pidgin/vvconfig.so
(01:57:20) plugins: probing /usr/lib/pidgin/musicmessaging.so
(01:57:20) plugins: probing /usr/lib/pidgin/timestamp.so
(01:57:20) plugins: probing /usr/lib/pidgin/themeedit.so
(01:57:20) plugins: probing /usr/lib/purple-2/libsipe.so
(01:57:20) sipe: bindtextdomain = /usr/share/locale
(01:57:20) sipe: bind_textdomain_codeset = UTF-8
(01:57:20) sipe: NSS initialised
(01:57:20) plugins: probing /usr/lib/purple-2/newline.so
(01:57:20) plugins: probing /usr/lib/purple-2/libsametime.so
(01:57:20) plugins: /usr/lib/purple-2/libsametime.so has a prefs_info, but is a prpl. This is no longer supported.
(01:57:20) plugins: probing /usr/lib/purple-2/libjabber.so
(01:57:20) plugins: /usr/lib/purple-2/libjabber.so is not usable because the 'purple_init_plugin' symbol could not be found.  Does the plugin call the PURPLE_INIT_PLUGIN() macro?
(01:57:20) plugins: probing /usr/lib/purple-2/libymsg.so
(01:57:20) plugins: /usr/lib/purple-2/libymsg.so is not usable because the 'purple_init_plugin' symbol could not be found.  Does the plugin call the PURPLE_INIT_PLUGIN() macro?
(01:57:20) plugins: probing /usr/lib/purple-2/log_reader.so
(01:57:20) plugins: probing /usr/lib/purple-2/libskypeweb.so
(01:57:20) plugins: probing /usr/lib/purple-2/libicq.so
(01:57:20) plugins: probing /usr/lib/purple-2/pidgin-libnotify.so
(01:57:20) plugins: probing /usr/lib/purple-2/libaim.so
(01:57:20) plugins: probing /usr/lib/purple-2/tcl.so
(01:57:20) plugins: probing /usr/lib/purple-2/nss-prefs.so
(01:57:20) plugins: probing /usr/lib/purple-2/libmyspace.so
(01:57:20) plugins: probing /usr/lib/purple-2/libhangouts.so
(01:57:20) plugins: probing /usr/lib/purple-2/libyahoo.so
(01:57:20) plugins: probing /usr/lib/purple-2/joinpart.so
(01:57:20) plugins: probing /usr/lib/purple-2/statenotify.so
(01:57:20) plugins: probing /usr/lib/purple-2/libsimple.so
(01:57:20) plugins: probing /usr/lib/purple-2/psychic.so
(01:57:20) plugins: probing /usr/lib/purple-2/perl.so
(01:57:20) plugins: probing /usr/lib/purple-2/offlinemsg.so
(01:57:20) plugins: probing /usr/lib/purple-2/ssl.so
(01:57:20) plugins: probing /usr/lib/purple-2/libnovell.so
(01:57:20) plugins: probing /usr/lib/purple-2/libxmpp.so
(01:57:20) plugins: probing /usr/lib/purple-2/buddynote.so
(01:57:20) plugins: probing /usr/lib/purple-2/dbus-example.so
(01:57:20) plugins: probing /usr/lib/purple-2/libzephyr.so
(01:57:20) plugins: probing /usr/lib/purple-2/libgg.so
(01:57:20) plugins: probing /usr/lib/purple-2/idle.so
(01:57:20) plugins: probing /usr/lib/purple-2/liboscar.so
(01:57:20) plugins: /usr/lib/purple-2/liboscar.so is not usable because the 'purple_init_plugin' symbol could not be found.  Does the plugin call the PURPLE_INIT_PLUGIN() macro?
(01:57:20) plugins: probing /usr/lib/purple-2/autoaccept.so
(01:57:20) plugins: probing /usr/lib/purple-2/libmxit.so
(01:57:20) prpl-loubserp-mxit: Loading MXit libPurple plugin...
(01:57:20) plugins: probing /usr/lib/purple-2/libbonjour.so
(01:57:20) plugins: probing /usr/lib/purple-2/libirc.so
(01:57:20) plugins: probing /usr/lib/purple-2/ssl-nss.so
(01:57:20) plugins: probing /usr/lib/purple-2/libyahoojp.so
(01:57:20) plugins: probing /usr/lib/purple-2/libmsn.so
(01:57:20) signals: Something tried to register a callback for the 'deleting-chat-buddy' signal, but we do not have any signals registered with the given handle
(01:57:20) g_log: file /build/pidgin-dzk2Cb/pidgin-2.10.12/./libpurple/signals.c: line 267 (signal_connect_common): should not be reached
(01:57:20) util: Reading file xmpp-caps.xml from directory /home/usuario/.purple
(01:57:20) util: File /home/usuario/.purple/xmpp-caps.xml does not exist (this is not necessarily an error)
(01:57:20) jabber: creating hash tables for data objects
(01:57:20) gg: Loading Gadu-Gadu protocol plugin with libgadu 1.12.1...
(01:57:20) prefs: /purple/status/scores/offline changed, scheduling save.
(01:57:20) prefs: /purple/status/scores/available changed, scheduling save.
(01:57:20) prefs: /purple/status/scores/invisible changed, scheduling save.
(01:57:20) prefs: /purple/status/scores/away changed, scheduling save.
(01:57:20) prefs: /purple/status/scores/extended_away changed, scheduling save.
(01:57:20) prefs: /purple/status/scores/idle changed, scheduling save.
(01:57:20) prefs: /purple/status/scores/offline_msg changed, scheduling save.
(01:57:20) util: Reading file accounts.xml from directory /home/usuario/.purple
(01:57:20) util: Reading file status.xml from directory /home/usuario/.purple
(01:57:20) certificate: CertificateVerifier x509, singleuse requested but not found.
(01:57:20) certificate: CertificateVerifier singleuse registered
(01:57:20) certificate: CertificatePool x509, ca requested but not found.
(01:57:20) certificate: CertificateScheme x509 requested but not found.
(01:57:20) certificate/x509/ca: Lazy init failed because an X.509 Scheme is not yet registered. Maybe it will be better later.
(01:57:20) certificate/x509/ca: Init failed, probably because a dependency is not yet registered. It has been deferred to later.
(01:57:20) certificate: CertificatePool ca registered
(01:57:20) certificate: CertificatePool x509, tls_peers requested but not found.
(01:57:20) certificate: CertificatePool tls_peers registered
(01:57:20) certificate: CertificateVerifier x509, tls_cached requested but not found.
(01:57:20) certificate: CertificateVerifier tls_cached registered
(01:57:20) prefs: /purple/logging/format changed, scheduling save.
(01:57:20) prefs: /purple/logging/format changed, scheduling save.
(01:57:20) prefs: /purple/proxy/type changed, scheduling save.
(01:57:20) prefs: /purple/proxy/host changed, scheduling save.
(01:57:20) prefs: /purple/proxy/port changed, scheduling save.
(01:57:20) prefs: /purple/proxy/username changed, scheduling save.
(01:57:20) prefs: /purple/proxy/password changed, scheduling save.
(01:57:20) nss: Cipher - TLS_AES_128_GCM_SHA256: Disabled
(01:57:20) nss: Cipher - TLS_CHACHA20_POLY1305_SHA256: Disabled
(01:57:20) nss: Cipher - TLS_AES_256_GCM_SHA384: Disabled
(01:57:20) nss: Cipher - TLS_ECDHE_ECDSA_WITH_AES_128_GCM_SHA256: Enabled
(01:57:20) nss: Cipher - TLS_ECDHE_RSA_WITH_AES_128_GCM_SHA256: Enabled
(01:57:20) nss: Cipher - TLS_ECDHE_ECDSA_WITH_CHACHA20_POLY1305_SHA256: Disabled
(01:57:20) nss: Cipher - TLS_ECDHE_RSA_WITH_CHACHA20_POLY1305_SHA256: Disabled
(01:57:20) nss: Cipher - TLS_ECDHE_ECDSA_WITH_AES_256_GCM_SHA384: Disabled
(01:57:20) nss: Cipher - TLS_ECDHE_RSA_WITH_AES_256_GCM_SHA384: Disabled
(01:57:20) nss: Cipher - TLS_ECDHE_ECDSA_WITH_AES_256_CBC_SHA: Enabled
(01:57:20) nss: Cipher - TLS_ECDHE_ECDSA_WITH_AES_128_CBC_SHA: Enabled
(01:57:20) nss: Cipher - TLS_ECDHE_RSA_WITH_AES_128_CBC_SHA: Enabled
(01:57:20) nss: Cipher - TLS_ECDHE_ECDSA_WITH_AES_128_CBC_SHA256: Disabled
(01:57:20) nss: Cipher - TLS_ECDHE_RSA_WITH_AES_128_CBC_SHA256: Enabled
(01:57:20) nss: Cipher - TLS_ECDHE_RSA_WITH_AES_256_CBC_SHA: Enabled
(01:57:20) nss: Cipher - TLS_ECDHE_ECDSA_WITH_AES_256_CBC_SHA384: Disabled
(01:57:20) nss: Cipher - TLS_ECDHE_RSA_WITH_AES_256_CBC_SHA384: Disabled
(01:57:20) nss: Cipher - TLS_ECDHE_ECDSA_WITH_3DES_EDE_CBC_SHA: Disabled
(01:57:20) nss: Cipher - TLS_ECDHE_RSA_WITH_3DES_EDE_CBC_SHA: Disabled
(01:57:20) nss: Cipher - TLS_ECDHE_ECDSA_WITH_RC4_128_SHA: Enabled
(01:57:20) nss: Cipher - TLS_ECDHE_RSA_WITH_RC4_128_SHA: Enabled
(01:57:20) nss: Cipher - TLS_DHE_RSA_WITH_AES_128_GCM_SHA256: Enabled
(01:57:20) nss: Cipher - TLS_DHE_RSA_WITH_CHACHA20_POLY1305_SHA256: Disabled
(01:57:20) nss: Cipher - TLS_DHE_DSS_WITH_AES_128_GCM_SHA256: Disabled
(01:57:20) nss: Cipher - TLS_DHE_RSA_WITH_AES_256_GCM_SHA384: Disabled
(01:57:20) nss: Cipher - TLS_DHE_DSS_WITH_AES_256_GCM_SHA384: Disabled
(01:57:20) nss: Cipher - TLS_DHE_RSA_WITH_AES_128_CBC_SHA: Enabled
(01:57:20) nss: Cipher - TLS_DHE_DSS_WITH_AES_128_CBC_SHA: Enabled
(01:57:20) nss: Cipher - TLS_DHE_RSA_WITH_AES_128_CBC_SHA256: Enabled
(01:57:20) nss: Cipher - TLS_DHE_DSS_WITH_AES_128_CBC_SHA256: Disabled
(01:57:20) nss: Cipher - TLS_DHE_RSA_WITH_CAMELLIA_128_CBC_SHA: Disabled
(01:57:20) nss: Cipher - TLS_DHE_DSS_WITH_CAMELLIA_128_CBC_SHA: Disabled
(01:57:20) nss: Cipher - TLS_DHE_RSA_WITH_AES_256_CBC_SHA: Enabled
(01:57:20) nss: Cipher - TLS_DHE_DSS_WITH_AES_256_CBC_SHA: Disabled
(01:57:20) nss: Cipher - TLS_DHE_RSA_WITH_AES_256_CBC_SHA256: Enabled
(01:57:20) nss: Cipher - TLS_DHE_DSS_WITH_AES_256_CBC_SHA256: Disabled
(01:57:20) nss: Cipher - TLS_DHE_RSA_WITH_CAMELLIA_256_CBC_SHA: Disabled
(01:57:20) nss: Cipher - TLS_DHE_DSS_WITH_CAMELLIA_256_CBC_SHA: Disabled
(01:57:20) nss: Cipher - TLS_DHE_RSA_WITH_3DES_EDE_CBC_SHA: Disabled
(01:57:20) nss: Cipher - TLS_DHE_DSS_WITH_3DES_EDE_CBC_SHA: Disabled
(01:57:20) nss: Cipher - TLS_DHE_DSS_WITH_RC4_128_SHA: Disabled
(01:57:20) nss: Cipher - TLS_ECDH_ECDSA_WITH_AES_128_CBC_SHA: Disabled
(01:57:20) nss: Cipher - TLS_ECDH_RSA_WITH_AES_128_CBC_SHA: Disabled
(01:57:20) nss: Cipher - TLS_ECDH_ECDSA_WITH_AES_256_CBC_SHA: Disabled
(01:57:20) nss: Cipher - TLS_ECDH_RSA_WITH_AES_256_CBC_SHA: Disabled
(01:57:20) nss: Cipher - TLS_ECDH_ECDSA_WITH_3DES_EDE_CBC_SHA: Disabled
(01:57:20) nss: Cipher - TLS_ECDH_RSA_WITH_3DES_EDE_CBC_SHA: Disabled
(01:57:20) nss: Cipher - TLS_ECDH_ECDSA_WITH_RC4_128_SHA: Disabled
(01:57:20) nss: Cipher - TLS_ECDH_RSA_WITH_RC4_128_SHA: Disabled
(01:57:20) nss: Cipher - TLS_RSA_WITH_AES_128_GCM_SHA256: Disabled
(01:57:20) nss: Cipher - TLS_RSA_WITH_AES_256_GCM_SHA384: Disabled
(01:57:20) nss: Cipher - TLS_RSA_WITH_AES_128_CBC_SHA: Enabled
(01:57:20) nss: Cipher - TLS_RSA_WITH_AES_128_CBC_SHA256: Disabled
(01:57:20) nss: Cipher - TLS_RSA_WITH_CAMELLIA_128_CBC_SHA: Disabled
(01:57:20) nss: Cipher - TLS_RSA_WITH_AES_256_CBC_SHA: Enabled
(01:57:20) nss: Cipher - TLS_RSA_WITH_AES_256_CBC_SHA256: Disabled
(01:57:20) nss: Cipher - TLS_RSA_WITH_CAMELLIA_256_CBC_SHA: Disabled
(01:57:20) nss: Cipher - TLS_RSA_WITH_SEED_CBC_SHA: Disabled
(01:57:20) nss: Cipher - TLS_RSA_WITH_3DES_EDE_CBC_SHA: Disabled
(01:57:20) nss: Cipher - TLS_RSA_WITH_RC4_128_SHA: Disabled
(01:57:20) nss: Cipher - TLS_RSA_WITH_RC4_128_MD5: Disabled
(01:57:20) nss: Cipher - TLS_DHE_RSA_WITH_DES_CBC_SHA: Disabled
(01:57:20) nss: Cipher - TLS_DHE_DSS_WITH_DES_CBC_SHA: Disabled
(01:57:20) nss: Cipher - TLS_RSA_WITH_DES_CBC_SHA: Disabled
(01:57:20) nss: Cipher - TLS_ECDHE_ECDSA_WITH_NULL_SHA: Disabled
(01:57:20) nss: Cipher - TLS_ECDHE_RSA_WITH_NULL_SHA: Disabled
(01:57:20) nss: Cipher - TLS_ECDH_RSA_WITH_NULL_SHA: Disabled
(01:57:20) nss: Cipher - TLS_ECDH_ECDSA_WITH_NULL_SHA: Disabled
(01:57:20) nss: Cipher - TLS_RSA_WITH_NULL_SHA: Disabled
(01:57:20) nss: Cipher - TLS_RSA_WITH_NULL_SHA256: Disabled
(01:57:20) nss: Cipher - TLS_RSA_WITH_NULL_MD5: Disabled
(01:57:20) nss: TLS supported versions: 0x0300 through 0x0303
(01:57:20) nss: TLS versions allowed by default: 0x0301 through 0x0303
(01:57:20) certificate: CertificateScheme x509 requested but not found.
(01:57:20) certificate: CertificateScheme x509 registered
(01:57:20) util: Reading file smileys.xml from directory /home/usuario/.purple
(01:57:20) util: File /home/usuario/.purple/smileys.xml does not exist (this is not necessarily an error)
(01:57:20) stun: using server 
(01:57:20) sound: Initializing sound output drivers.
(01:57:20) prefs: /pidgin/conversations/placement changed, scheduling save.
(01:57:20) prefs: purple_prefs_get_bool: Unknown pref /pidgin/docklet/x11/embedded
(01:57:20) GLib-GObject: /build/glib2.0-prJhLS/glib2.0-2.48.2/./gobject/gsignal.c:2517: signal 'destroy' is invalid for instance '0x556132481f40' of type 'GtkStatusIcon'
(01:57:20) gtkblist: added visibility manager: 1
(01:57:20) docklet: GTK+ created
(01:57:20) gtkmedia: Registering media element types
(01:57:20) util: Reading file blist.xml from directory /home/usuario/.purple
(01:57:20) plugins: Loading saved plugin /usr/lib/purple-2/autoaccept.so
(01:57:20) plugins: Loading saved plugin /usr/lib/purple-2/statenotify.so
(01:57:20) plugins: Loading saved plugin /usr/lib/pidgin/history.so
(01:57:20) plugins: Loading saved plugin /usr/lib/purple-2/pidgin-libnotify.so
(01:57:20) pidgin-libnotify: Updating status set from pidgin to 'available'
(01:57:20) gtkblist: added visibility manager: 2
(01:57:20) plugins: Loading saved plugin /usr/lib/pidgin/notify.so
(01:57:20) plugins: Loading saved plugin /usr/lib/purple-2/ssl-nss.so
(01:57:20) plugins: Loading saved plugin /usr/lib/purple-2/ssl.so
(01:57:20) plugins: Loading saved plugin /usr/lib/pidgin/sendbutton.so
(01:57:20) plugins: Loading saved plugin /usr/lib/pidgin/unity.so
(01:57:20) plugins: Loading saved plugin /usr/lib/pidgin/xmppconsole.so
(01:57:20) plugins: Loading saved plugin /usr/lib/pidgin/xmppdisco.so
(01:57:20) pounce: Error reading pounces: Falha ao abrir arquivo "/home/usuario/.purple/pounces.xml": Arquivo ou diretório não encontrado
(01:57:20) Session Management: ICE initialized.
(01:57:20) Session Management: Connecting with no previous ID
(01:57:20) Session Management: Handling new ICE connection... 
(01:57:20) done.
(01:57:20) Session Management: Connected to manager (mate-session-manager) with client ID 1040aeb728c16fa45149724344056661300000093730063
(01:57:20) Session Management: Using /usr/bin/pidgin.orig as command
(01:57:21) account: Connecting to account usuario.
(01:57:21) connection: Connecting. gc = 0x556134cc8360
(01:57:21) bonjour: Attempting to bind IPv6 socket to port 5298.
(01:57:21) bonjour: Bound IPv6 socket to port 5298.
(01:57:21) bonjour: Attempting to bind IPv4 socket to port 5298.
(01:57:21) bonjour: Bound IPv4 socket to port 5298.
(01:57:21) util: Writing file /home/usuario/.purple/icons/79607f4b42900f520c64a60028b1f45925a00eb7.jpg
(01:57:21) bonjour: Setting new buddy icon.
(01:57:21) pidgin-libnotify: event_connection_throttle() called
(01:57:21) g_log: unable to export application interface: Um objeto já foi exportado para a interface com.canonical.indicator.messages.application em /com/canonical/indicator/messages/pidgin_desktop
(01:57:21) Session Management: Received first save_yourself
(01:57:21) Session Management: Received save_complete
(01:57:21) bonjour: _browser_callback - new service
(01:57:21) bonjour: _browser_callback - new service
(01:57:21) bonjour: Successfully registered buddy icon data.
(01:57:21) bonjour: _resolve_callback - name:usuario@bfBox account:0x556132144260 bb:(nil)
(01:57:21) bonjour: _resolve_callback - name:usuario@bfBox ip:fe80::8d2f:5e11:2783:86ed%3 prev_ip:(null)
(01:57:21) blist: Updating buddy status for usuario@bfBox (Bonjour)
(01:57:21) bonjour: Retrieving buddy icon for 'usuario@bfBox'.
(01:57:21) bonjour: _resolve_callback - name:usuario@bfBox account:0x556132144260 bb:0x55613214f3c0
(01:57:21) bonjour: _resolve_callback - name:usuario@bfBox ip:10.0.0.102 prev_ip:(null)
(01:57:21) blist: Updating buddy status for usuario@bfBox (Bonjour)
(01:57:21) bonjour: Retrieving buddy icon for 'usuario@bfBox'.
(01:57:21) bonjour: Got buddy icon for usuario@bfBox icon hash='9096ae92915199fdfa0cb32ded7407534dd5e924' phsh='9096ae92915199fdfa0cb32ded7407534dd5e924'.
(01:57:21) util: Writing file /home/usuario/.purple/icons/9096ae92915199fdfa0cb32ded7407534dd5e924.png
(01:57:21) docklet: embedded
(01:57:22) bonjour: Successfully registered service.
(01:57:22) bonjour: _browser_callback - new service
(01:57:22) bonjour: _browser_callback - new service
(01:57:25) util: Writing file prefs.xml to directory /home/usuario/.purple
(01:57:25) util: Writing file /home/usuario/.purple/prefs.xml
(01:57:26) util: Writing file accounts.xml to directory /home/usuario/.purple
(01:57:26) util: Writing file /home/usuario/.purple/accounts.xml
(01:57:26) util: Writing file blist.xml to directory /home/usuario/.purple
(01:57:26) util: Writing file /home/usuario/.purple/blist.xml
(01:58:12) pidgin-libnotify: Conversation Updated (OTHER)
(01:58:12) pidgin-libnotify: Conversation Updated (LOGGING)
(01:58:12) pidgin-libnotify: Conversation Updated (OTHER)
(01:58:12) pidgin-libnotify: Conversation Updated (UNSEEN)
(01:58:12) gtkconv: setting active conversation on toolbar 0x556134d436e0
(01:58:12) pidgin-libnotify: Conversation Updated (OTHER)
(01:58:12) pidgin-libnotify: Conversation Updated (OTHER)
(01:58:12) GLib: Source ID 1857 was not found when attempting to remove it
(01:58:12) pidgin-libnotify: Conversation Updated (UNSEEN)
(01:58:12) gtkconv: setting active conversation on toolbar 0x556134d436e0
(01:58:12) pidgin-libnotify: Conversation Updated (OTHER)
(01:58:12) pidgin-libnotify: Conversation Updated (OTHER)
(01:58:12) prefs: /pidgin/conversations/toolbar/wide changed, scheduling save.
(01:58:12) log: Failed to open log file "/home/usuario/.purple/logs/usuario@bfBox.log" for reading: Arquivo ou diretório não encontrado
(01:58:12) gtkconv: setting active conversation on toolbar 0x556134d436e0
(01:58:12) pidgin-libnotify: Conversation Updated (UNSEEN)
(01:58:17) util: Writing file blist.xml to directory /home/usuario/.purple
(01:58:17) util: Writing file /home/usuario/.purple/blist.xml
(01:58:18) util: Writing file prefs.xml to directory /home/usuario/.purple
(01:58:18) util: Writing file /home/usuario/.purple/prefs.xml
(01:58:25) bonjour: Starting conversation with usuario@bfBox at fe80::8d2f:5e11:2783:86ed%3:5298
(01:58:25) dnsquery: Performing DNS lookup for fe80::8d2f:5e11:2783:86ed%3
(01:58:25) pidgin-libnotify: Conversation Updated (OTHER)
(01:58:25) pidgin-libnotify: Conversation Updated (UNSEEN)
(01:58:25) dnsquery: IP resolved for fe80::8d2f:5e11:2783:86ed%3
(01:58:25) proxy: Attempting connection to fe80::8d2f:5e11:2783:86ed
(01:58:25) proxy: Connecting to fe80::8d2f:5e11:2783:86ed%3:5298 with no proxy
(01:58:25) proxy: Connection in progress
(01:58:25) proxy: Connecting to fe80::8d2f:5e11:2783:86ed%3:5298.
(01:58:25) proxy: Connected to fe80::8d2f:5e11:2783:86ed%3:5298.
(01:58:25) bonjour: Receive: -<?xml version="1.0" encoding="UTF-8" ?>
<stream:stream xmlns="jabber:client" xmlns:stream="http://etherx.jabber.org/streams" from="usuario@bfBox" to="usuario@mint-RV411">- 170 bytes
(01:58:35) bonjour: Receive: -<message to='usuario@mint-RV411' from='usuario@bfBox' type='chat'><body>chegou</body><html xmlns='http://www.w3.org/1999/xhtml'><body><font>chegou</font></body></html><x xmlns='jabber:x:event'><composing/></x></message>- 219 bytes
(01:58:35) pidgin-libnotify: Sender: (usuario@bfBox) ID (im:prpl-bonjour:usuario:usuario%40bfBox) 
(01:58:35) pidgin-libnotify: notify(), new: title: 'BfBox', body: 'chegou', buddy: 'BfBox'
(01:58:35) pidgin-libnotify: notify(), has a buddy icon.
(01:58:35) pidgin-libnotify: Conversation Updated (UNSEEN)
(01:58:35) pidgin-libnotify: Conversation Updated (OTHER)
(01:58:39) pidgin-libnotify: Conversation Updated (UNSEEN)
(01:58:39) pidgin-libnotify: REMOVING ATTENTION FOR (im:prpl-bonjour:usuario:usuario%40bfBox) (0)
(01:58:39) pidgin-libnotify: Conversation Updated (OTHER)
(01:58:43) pidgin-libnotify: closed_cb(), notification: 0x34060d40
(01:58:50) pidgin-libnotify: Conversation Updated (OTHER)
(01:58:50) pidgin-libnotify: Conversation Updated (UNSEEN)
(01:58:50) pidgin-libnotify: REMOVING ATTENTION FOR (im:prpl-bonjour:usuario:usuario%40bfBox) (0)
(01:58:54) bonjour: Bonjour-send-file to=usuario@bfBox.
(01:58:54) bonjour: Bonjour-new-xfer to usuario@bfBox.
(01:58:54) bonjour: Bonjour-new-xfer bd=0x5561321d1eb0 data=0x5561321d1eb0.
(01:58:54) pidgin-libnotify: Conversation Updated (UNSEEN)
(01:58:54) pidgin-libnotify: REMOVING ATTENTION FOR (im:prpl-bonjour:usuario:usuario%40bfBox) (0)
(01:58:58) xfer: request accepted for 0x55613228c2f0
(01:58:58) pidgin-libnotify: Conversation Updated (UNSEEN)
(01:58:58) pidgin-libnotify: REMOVING ATTENTION FOR (im:prpl-bonjour:usuario:usuario%40bfBox) (0)
(01:58:58) bonjour: Bonjour-xfer-init.
(01:58:58) bonjour: Bonjour xfer type is PURPLE_XFER_SEND.
(01:58:58) bonjour: xep file transfer stream initialization offer-id=0.
(01:59:08) bonjour: Receive: -<iq to='usuario@mint-RV411' from='usuario@bfBox' id='0' type='result'><si xmlns='http://jabber.org/protocol/si'><feature xmlns='http://jabber.org/protocol/feature-neg'><x xmlns='jabber:x:data' type='submit'><field var='stream-method'><value>http://jabber.org/protocol/bytestreams</value></field></x></feature></si></iq>- 319 bytes
(01:59:08) bonjour: xep-si-parse.
(01:59:08) bonjour: si offer Message type - RESULT.
(01:59:08) bonjour: Look for sid=0 from=usuario@bfBox xferlists.
(01:59:08) bonjour: Bonjour-bytestreams-init.
(01:59:08) network: Listening on port: 35932
(01:59:08) network: Skipping external port mapping.
(01:59:08) bonjour: Bonjour-bytestreams-listen. sock=22.
(02:00:54) pidgin-libnotify: Conversation Updated (UNSEEN)
(02:00:54) pidgin-libnotify: REMOVING ATTENTION FOR (im:prpl-bonjour:usuario:usuario%40bfBox) (0)
(02:00:58) pidgin-libnotify: Conversation Updated (OTHER)
(02:00:58) pidgin-libnotify: Conversation Updated (UNSEEN)
(02:00:58) pidgin-libnotify: REMOVING ATTENTION FOR (im:prpl-bonjour:usuario:usuario%40bfBox) (0)
(02:01:19) bonjour: Receive: -<message to='usuario@mint-RV411' from='usuario@bfBox' type='chat'><body>ta dificil</body><html xmlns='http://www.w3.org/1999/xhtml'><body><font>ta dificil</font></body></html><x xmlns='jabber:x:event'><composing/></x></message>- 227 bytes
(02:01:19) pidgin-libnotify: Sender: (usuario@bfBox) ID (im:prpl-bonjour:usuario:usuario%40bfBox) 
(02:01:19) pidgin-libnotify: notify(), new: title: 'BfBox', body: 'ta dificil', buddy: 'BfBox'
(02:01:19) pidgin-libnotify: notify(), has a buddy icon.
(02:01:19) pidgin-libnotify: Conversation Updated (UNSEEN)
(02:01:19) pidgin-libnotify: Conversation Updated (OTHER)
(02:01:24) pidgin-libnotify: Conversation Updated (UNSEEN)
(02:01:24) pidgin-libnotify: REMOVING ATTENTION FOR (im:prpl-bonjour:usuario:usuario%40bfBox) (0)
(02:01:24) pidgin-libnotify: Conversation Updated (OTHER)
(02:01:26) pidgin-libnotify: closed_cb(), notification: 0x34034980
(02:05:35) bonjour: Receive: -<iq to='usuario@mint-RV411' from='usuario@bfBox' id='0' type='error'><error code='404' type='cancel'><item-not-found xmlns='urn:ietf:params:xml:ns:xmpp-stanzas'/></error></iq>- 175 bytes
(02:05:35) bonjour: xep-si-parse.
(02:05:35) bonjour: si offer Message type - ERROR.
(02:05:35) bonjour: Look for sid=0 from=usuario@bfBox xferlists.
(02:05:35) pidgin-libnotify: Conversation Updated (UNSEEN)
(02:05:35) pidgin-libnotify: REMOVING ATTENTION FOR (im:prpl-bonjour:usuario:usuario%40bfBox) (0)
(02:05:35) bonjour: Bonjour-xfer-cancel-send.
(02:05:35) bonjour: bonjour-free-xfer-0x55613228c2f0.
(02:05:35) bonjour: B free xfer from lists((nil)).
(02:05:35) g_log: xmlnode_free_tree: assertion 'node != NULL' failed
(02:05:35) bonjour: Need close socket=-1.
(02:06:27) bonjour: _resolve_callback - name:usuario@bfBox account:0x556132144260 bb:0x55613214f3c0
(02:06:27) bonjour: _resolve_callback - name:usuario@bfBox ip:fe80::8d2f:5e11:2783:86ed%3 prev_ip:fe80::8d2f:5e11:2783:86ed%3
(02:06:27) blist: Updating buddy status for usuario@bfBox (Bonjour)
(02:06:27) pidgin-libnotify: Conversation Updated (UNSEEN)
(02:06:27) pidgin-libnotify: REMOVING ATTENTION FOR (im:prpl-bonjour:usuario:usuario%40bfBox) (0)
(02:06:27) bonjour: _resolve_callback - name:usuario@bfBox account:0x556132144260 bb:0x55613214f3c0
(02:06:27) bonjour: _resolve_callback - name:usuario@bfBox ip:10.0.0.102 prev_ip:10.0.0.102
(02:06:27) blist: Updating buddy status for usuario@bfBox (Bonjour)
(02:25:30) bonjour: _resolve_callback - name:usuario@bfBox account:0x556132144260 bb:0x55613214f3c0
(02:25:30) bonjour: _resolve_callback - name:usuario@bfBox ip:fe80::8d2f:5e11:2783:86ed%3 prev_ip:fe80::8d2f:5e11:2783:86ed%3
(02:25:30) blist: Updating buddy status for usuario@bfBox (Bonjour)
(02:25:30) pidgin-libnotify: Conversation Updated (UNSEEN)
(02:25:30) pidgin-libnotify: REMOVING ATTENTION FOR (im:prpl-bonjour:usuario:usuario%40bfBox) (0)
(02:25:30) bonjour: _resolve_callback - name:usuario@bfBox account:0x556132144260 bb:0x55613214f3c0
(02:25:30) bonjour: _resolve_callback - name:usuario@bfBox ip:10.0.0.102 prev_ip:10.0.0.102
(02:25:30) blist: Updating buddy status for usuario@bfBox (Bonjour)
(02:25:45) bonjour: Receive: -<message to='usuario@mint-RV411' from='usuario@bfBox' type='chat'><body>la vai</body><html xmlns='http://www.w3.org/1999/xhtml'><body><font>la vai</font></body></html><x xmlns='jabber:x:event'><composing/></x></message>- 219 bytes
(02:25:45) pidgin-libnotify: Sender: (usuario@bfBox) ID (im:prpl-bonjour:usuario:usuario%40bfBox) 
(02:25:45) pidgin-libnotify: notify(), new: title: 'BfBox', body: 'la vai', buddy: 'BfBox'
(02:25:45) pidgin-libnotify: notify(), has a buddy icon.
(02:25:45) pidgin-libnotify: Conversation Updated (UNSEEN)
(02:25:45) pidgin-libnotify: Conversation Updated (OTHER)
(02:25:48) bonjour: Receive: -<message to='usuario@mint-RV411' from='usuario@bfBox' type='chat'><body>ta ai</body><html xmlns='http://www.w3.org/1999/xhtml'><body><font>ta ai</font></body></html><x xmlns='jabber:x:event'><composing/></x></message>- 217 bytes
(02:25:48) pidgin-libnotify: Sender: (usuario@bfBox) ID (im:prpl-bonjour:usuario:usuario%40bfBox) 
(02:25:48) pidgin-libnotify: notify(), new: title: 'BfBox', body: 'ta ai', buddy: 'BfBox'
(02:25:48) pidgin-libnotify: notify(), has a buddy icon.
(02:25:48) pidgin-libnotify: Conversation Updated (UNSEEN)
(02:25:48) pidgin-libnotify: Conversation Updated (OTHER)
(02:25:52) pidgin-libnotify: closed_cb(), notification: 0x34e46300
(02:25:53) gtkconv: setting active conversation on toolbar 0x556134d436e0
(02:25:53) pidgin-libnotify: Conversation Updated (UNSEEN)
(02:25:53) pidgin-libnotify: REMOVING ATTENTION FOR (im:prpl-bonjour:usuario:usuario%40bfBox) (0)
(02:25:53) pidgin-libnotify: Conversation Updated (OTHER)
(02:25:54) GLib: Source ID 6227 was not found when attempting to remove it
(02:25:55) pidgin-libnotify: closed_cb(), notification: 0x3401ffa0
(02:25:59) pidgin-libnotify: Conversation Updated (OTHER)
(02:25:59) pidgin-libnotify: Conversation Updated (UNSEEN)
(02:25:59) pidgin-libnotify: REMOVING ATTENTION FOR (im:prpl-bonjour:usuario:usuario%40bfBox) (0)
(02:26:01) pidgin-libnotify: Conversation Updated (OTHER)
(02:26:01) pidgin-libnotify: Conversation Updated (UNSEEN)
(02:26:01) pidgin-libnotify: REMOVING ATTENTION FOR (im:prpl-bonjour:usuario:usuario%40bfBox) (0)
(02:26:12) bonjour: Receive: -<iq to='usuario@mint-RV411' from='usuario@bfBox' id='0' type='set'><si xmlns='http://jabber.org/protocol/si' profile='http://jabber.org/protocol/si/profile/file-transfer' id='0'><file xmlns='http://jabber.org/protocol/si/profile/file-transfer' name='copyright' size='35126'/><feature xmlns='http://jabber.org/protocol/feature-neg'><x xmlns='jabber:x:data' type='form'><field var='stream-method' type='list-single'><option><value>http://jabber.org/protocol/bytestreams</value></option></field></x></feature></si></iq>- 516 bytes
(02:26:12) bonjour: xep-si-parse.
(02:26:12) bonjour: si offer Message type - SET.
(02:26:12) bonjour: bonjour-xfer-receive.
(02:26:12) pidgin-libnotify: Conversation Updated (UNSEEN)
(02:26:12) pidgin-libnotify: REMOVING ATTENTION FOR (im:prpl-bonjour:usuario:usuario%40bfBox) (0)
(02:26:12) prefs: purple_prefs_get_bool: Unknown pref /plugins/gtk/libnotify/replace_requests
(02:26:16) pidgin-libnotify: Conversation Updated (UNSEEN)
(02:26:16) pidgin-libnotify: REMOVING ATTENTION FOR (im:prpl-bonjour:usuario:usuario%40bfBox) (0)
(02:26:25) prefs: /pidgin/filelocations/last_save_folder changed, scheduling save.
(02:26:25) xfer: request accepted for 0x556134ce9280
(02:26:25) pidgin-libnotify: Conversation Updated (UNSEEN)
(02:26:25) pidgin-libnotify: REMOVING ATTENTION FOR (im:prpl-bonjour:usuario:usuario%40bfBox) (0)
(02:26:25) bonjour: Bonjour-xfer-init.
(02:26:25) bonjour: xep file transfer stream initialization result.
(02:26:25) bonjour: Bonjour xfer type is PURPLE_XFER_RECEIVE.
(02:26:25) bonjour: Receive: -<iq to='usuario@mint-RV411' from='usuario@bfBox' id='0' type='set'><query xmlns='http://jabber.org/protocol/bytestreams' sid='0' mode='tcp'><streamhost jid='0' host='fe80::8d2f:5e11:2783:86ed' port='36395'/><streamhost jid='0' host='10.0.0.102' port='36395'/></query></iq>- 272 bytes
(02:26:25) bonjour: xep-bytestreams-parse.
(02:26:25) bonjour: bytestream offer Message type - SET.
(02:26:25) bonjour: Look for sid=0 from=usuario@bfBox xferlists.
(02:26:25) bonjour: Inserting an xmlnode twin copy for fe80::8d2f:5e11:2783:86ed with new host address fe80::8d2f:5e11:2783:86ed%3
(02:26:25) bonjour: bytestream offer parsejid=0 host=fe80::8d2f:5e11:2783:86ed%3 port=36395.
(02:26:25) bonjour: bonjour-bytestreams-connect.
(02:26:25) dnsquery: Performing DNS lookup for fe80::8d2f:5e11:2783:86ed%3
(02:26:25) dnsquery: IP resolved for fe80::8d2f:5e11:2783:86ed%3
(02:26:25) proxy: Attempting connection to fe80::8d2f:5e11:2783:86ed
(02:26:25) proxy: Connecting to fe80::8d2f:5e11:2783:86ed%3:36395 with no proxy
(02:26:25) proxy: Connection in progress
(02:26:29) util: Writing file prefs.xml to directory /home/usuario/.purple
(02:26:29) util: Writing file /home/usuario/.purple/prefs.xml
(02:28:12) pidgin-libnotify: Conversation Updated (UNSEEN)
(02:28:12) pidgin-libnotify: REMOVING ATTENTION FOR (im:prpl-bonjour:usuario:usuario%40bfBox) (0)
(02:28:15) pidgin-libnotify: Conversation Updated (UNSEEN)
(02:28:15) pidgin-libnotify: REMOVING ATTENTION FOR (im:prpl-bonjour:usuario:usuario%40bfBox) (0)
(02:28:16) pidgin-libnotify: Conversation Updated (OTHER)
(02:28:16) pidgin-libnotify: Conversation Updated (UNSEEN)
(02:28:16) pidgin-libnotify: REMOVING ATTENTION FOR (im:prpl-bonjour:usuario:usuario%40bfBox) (0)
(02:28:32) proxy: Connecting to fe80::8d2f:5e11:2783:86ed%3:36395.
(02:28:32) proxy: Error connecting to fe80::8d2f:5e11:2783:86ed%3:36395 (Tempo esgotado para conexão).
(02:28:32) proxy: Connection attempt failed: Tempo esgotado para conexão
(02:28:32) proxy: Connect Data is 0x556134e93570
(02:28:32) proxy: Unable to connect to SOCKS5 host.
(02:28:32) bonjour: Error connecting via SOCKS5 to fe80::8d2f:5e11:2783:86ed%3 - Tempo esgotado para conexão
(02:28:32) bonjour: bytestream offer parsejid=0 host=10.0.0.102 port=36395.
(02:28:32) bonjour: bonjour-bytestreams-connect.
(02:28:32) dnsquery: Performing DNS lookup for 10.0.0.102
(02:28:32) dnsquery: IP resolved for 10.0.0.102
(02:28:32) proxy: Attempting connection to 10.0.0.102
(02:28:32) proxy: Connecting to 10.0.0.102:36395 with no proxy
(02:28:32) proxy: Connection in progress
(02:28:32) proxy: Connecting to 10.0.0.102:36395.
(02:28:32) proxy: Connected to 10.0.0.102:36395.
(02:28:32) proxy: Connect Data is 0x556134e484d0
(02:28:32) proxy: Initiating SOCKS5 negotiation.
(02:28:32) proxy: Connecting to e7795d71b4260bc65df4f916adcf36cd68591883:0 via 10.0.0.102:36395 using SOCKS5
(02:28:32) socks5 proxy: Connected.
(02:28:32) socks5 proxy: Able to read.
(02:28:32) s5: reallocing from 5 to 32
(02:28:32) s5: reallocing from 32 to 34
(02:28:32) proxy: Connected to e7795d71b4260bc65df4f916adcf36cd68591883:0.
(02:28:32) bonjour: Connected successfully via SOCKS5, starting transfer.
(02:28:32) bonjour: Bonjour-xfer-end.
(02:28:32) bonjour: bonjour-free-xfer-0x556134ce9280.
(02:28:32) bonjour: B free xfer from lists((nil)).
(02:28:32) bonjour: Need close socket=23.
(02:31:20) bonjour: _resolve_callback - name:usuario@bfBox account:0x556132144260 bb:0x55613214f3c0
(02:31:20) bonjour: _resolve_callback - name:usuario@bfBox ip:fe80::8d2f:5e11:2783:86ed%3 prev_ip:fe80::8d2f:5e11:2783:86ed%3
(02:31:20) blist: Updating buddy status for usuario@bfBox (Bonjour)
(02:31:20) pidgin-libnotify: Conversation Updated (UNSEEN)
(02:31:20) pidgin-libnotify: REMOVING ATTENTION FOR (im:prpl-bonjour:usuario:usuario%40bfBox) (0)
(02:31:20) bonjour: _resolve_callback - name:usuario@bfBox account:0x556132144260 bb:0x55613214f3c0
(02:31:20) bonjour: _resolve_callback - name:usuario@bfBox ip:10.0.0.102 prev_ip:10.0.0.102
(02:31:20) blist: Updating buddy status for usuario@bfBox (Bonjour)
(02:36:35) bonjour: _resolve_callback - name:usuario@bfBox account:0x556132144260 bb:0x55613214f3c0
(02:36:35) bonjour: _resolve_callback - name:usuario@bfBox ip:fe80::8d2f:5e11:2783:86ed%3 prev_ip:fe80::8d2f:5e11:2783:86ed%3
(02:36:35) blist: Updating buddy status for usuario@bfBox (Bonjour)
(02:36:35) pidgin-libnotify: Conversation Updated (UNSEEN)
(02:36:35) pidgin-libnotify: REMOVING ATTENTION FOR (im:prpl-bonjour:usuario:usuario%40bfBox) (0)
(02:36:35) bonjour: _resolve_callback - name:usuario@bfBox account:0x556132144260 bb:0x55613214f3c0
(02:36:35) bonjour: _resolve_callback - name:usuario@bfBox ip:10.0.0.102 prev_ip:10.0.0.102
(02:36:35) blist: Updating buddy status for usuario@bfBox (Bonjour)
(02:38:10) bonjour: Receive: -<iq to='usuario@mint-RV411' from='usuario@bfBox' id='1' type='set'><si xmlns='http://jabber.org/protocol/si' profile='http://jabber.org/protocol/si/profile/file-transfer' id='1'><file xmlns='http://jabber.org/protocol/si/profile/file-transfer' name='changelog.gz' size='4109'/><feature xmlns='http://jabber.org/protocol/feature-neg'><x xmlns='jabber:x:data' type='form'><field var='stream-method' type='list-single'><option><value>http://jabber.org/protocol/bytestreams</value></option></field></x></feature></si></iq>- 518 bytes
(02:38:10) bonjour: xep-si-parse.
(02:38:10) bonjour: si offer Message type - SET.
(02:38:10) bonjour: bonjour-xfer-receive.
(02:38:10) pidgin-libnotify: Conversation Updated (UNSEEN)
(02:38:10) pidgin-libnotify: REMOVING ATTENTION FOR (im:prpl-bonjour:usuario:usuario%40bfBox) (0)
(02:38:10) prefs: purple_prefs_get_bool: Unknown pref /plugins/gtk/libnotify/replace_requests
(02:38:19) xfer: request accepted for 0x556134e4b1b0
(02:38:19) pidgin-libnotify: Conversation Updated (UNSEEN)
(02:38:19) pidgin-libnotify: REMOVING ATTENTION FOR (im:prpl-bonjour:usuario:usuario%40bfBox) (0)
(02:38:19) bonjour: Bonjour-xfer-init.
(02:38:19) bonjour: xep file transfer stream initialization result.
(02:38:19) bonjour: Bonjour xfer type is PURPLE_XFER_RECEIVE.
(02:38:19) bonjour: Receive: -<iq to='usuario@mint-RV411' from='usuario@bfBox' id='1' type='set'><query xmlns='http://jabber.org/protocol/bytestreams' sid='1' mode='tcp'><streamhost jid='1' host='fe80::8d2f:5e11:2783:86ed' port='40031'/><streamhost jid='1' host='10.0.0.102' port='40031'/></query></iq>- 272 bytes
(02:38:19) bonjour: xep-bytestreams-parse.
(02:38:19) bonjour: bytestream offer Message type - SET.
(02:38:19) bonjour: Look for sid=1 from=usuario@bfBox xferlists.
(02:38:19) bonjour: Inserting an xmlnode twin copy for fe80::8d2f:5e11:2783:86ed with new host address fe80::8d2f:5e11:2783:86ed%3
(02:38:19) bonjour: bytestream offer parsejid=1 host=fe80::8d2f:5e11:2783:86ed%3 port=40031.
(02:38:19) bonjour: bonjour-bytestreams-connect.
(02:38:19) dnsquery: Performing DNS lookup for fe80::8d2f:5e11:2783:86ed%3
(02:38:19) dnsquery: IP resolved for fe80::8d2f:5e11:2783:86ed%3
(02:38:19) proxy: Attempting connection to fe80::8d2f:5e11:2783:86ed
(02:38:19) proxy: Connecting to fe80::8d2f:5e11:2783:86ed%3:40031 with no proxy
(02:38:19) proxy: Connection in progress
(02:38:19) proxy: Connecting to fe80::8d2f:5e11:2783:86ed%3:40031.
(02:38:19) proxy: Error connecting to fe80::8d2f:5e11:2783:86ed%3:40031 (Conexão recusada).
(02:38:19) proxy: Connection attempt failed: Conexão recusada
(02:38:19) proxy: Connect Data is 0x556134f4d8d0
(02:38:19) proxy: Unable to connect to SOCKS5 host.
(02:38:19) bonjour: Error connecting via SOCKS5 to fe80::8d2f:5e11:2783:86ed%3 - Conexão recusada
(02:38:19) bonjour: bytestream offer parsejid=1 host=10.0.0.102 port=40031.
(02:38:19) bonjour: bonjour-bytestreams-connect.
(02:38:19) dnsquery: Performing DNS lookup for 10.0.0.102
(02:38:19) dnsquery: IP resolved for 10.0.0.102
(02:38:19) proxy: Attempting connection to 10.0.0.102
(02:38:19) proxy: Connecting to 10.0.0.102:40031 with no proxy
(02:38:19) proxy: Connection in progress
(02:38:19) proxy: Connecting to 10.0.0.102:40031.
(02:38:19) proxy: Connected to 10.0.0.102:40031.
(02:38:19) proxy: Connect Data is 0x556134f5c740
(02:38:19) proxy: Initiating SOCKS5 negotiation.
(02:38:19) proxy: Connecting to 558543a7bc3505b0e16c7430b021848f56e51535:0 via 10.0.0.102:40031 using SOCKS5
(02:38:19) socks5 proxy: Connected.
(02:38:19) socks5 proxy: Able to read.
(02:38:19) s5: reallocing from 5 to 32
(02:38:19) s5: reallocing from 32 to 34
(02:38:19) proxy: Connected to 558543a7bc3505b0e16c7430b021848f56e51535:0.
(02:38:19) bonjour: Connected successfully via SOCKS5, starting transfer.
(02:38:19) pidgin-libnotify: Conversation Updated (UNSEEN)
(02:38:19) pidgin-libnotify: REMOVING ATTENTION FOR (im:prpl-bonjour:usuario:usuario%40bfBox) (0)
(02:38:19) bonjour: Bonjour-xfer-end.
(02:38:19) bonjour: bonjour-free-xfer-0x556134e4b1b0.
(02:38:19) bonjour: B free xfer from lists((nil)).
(02:38:19) bonjour: Need close socket=23.
(02:38:25) pidgin-libnotify: Conversation Updated (UNSEEN)
(02:38:25) pidgin-libnotify: REMOVING ATTENTION FOR (im:prpl-bonjour:usuario:usuario%40bfBox) (0)
(02:43:17) bonjour: _resolve_callback - name:usuario@bfBox account:0x556132144260 bb:0x55613214f3c0
(02:43:17) bonjour: _resolve_callback - name:usuario@bfBox ip:fe80::8d2f:5e11:2783:86ed%3 prev_ip:fe80::8d2f:5e11:2783:86ed%3
(02:43:17) blist: Updating buddy status for usuario@bfBox (Bonjour)
(02:43:17) pidgin-libnotify: Conversation Updated (UNSEEN)
(02:43:17) pidgin-libnotify: REMOVING ATTENTION FOR (im:prpl-bonjour:usuario:usuario%40bfBox) (0)
(02:43:17) bonjour: _resolve_callback - name:usuario@bfBox account:0x556132144260 bb:0x55613214f3c0
(02:43:17) bonjour: _resolve_callback - name:usuario@bfBox ip:10.0.0.102 prev_ip:10.0.0.102
(02:43:17) blist: Updating buddy status for usuario@bfBox (Bonjour)
(02:44:57) prefs: /purple/savedstatus/isidleaway changed, scheduling save.
(02:44:57) pidgin-libnotify: Updating status set from pidgin to 'away'
(02:44:57) idle: Setting usuario idle 302 seconds
(02:45:02) util: Writing file prefs.xml to directory /home/usuario/.purple
(02:45:02) util: Writing file /home/usuario/.purple/prefs.xml
(02:45:03) util: Writing file accounts.xml to directory /home/usuario/.purple
(02:45:03) util: Writing file /home/usuario/.purple/accounts.xml
(02:49:54) prefs: /purple/savedstatus/isidleaway changed, scheduling save.
(02:49:54) idle: Setting usuario unidle
(02:49:54) pidgin-libnotify: Updating status set from pidgin to 'available'
(02:49:59) util: Writing file prefs.xml to directory /home/usuario/.purple
(02:49:59) util: Writing file /home/usuario/.purple/prefs.xml
(02:50:00) util: Writing file accounts.xml to directory /home/usuario/.purple
(02:50:00) util: Writing file /home/usuario/.purple/accounts.xml
(02:50:13) jabber: XML parser error for BonjourJabberConversation 0x556134e088a0: Domain 1, code 5, level 3: Extra content at the end of the document
(02:50:13) pidgin-libnotify: Removing source (im:prpl-bonjour:usuario:usuario%40bfBox)
(02:50:13) accels: accel changed, scheduling save.
(02:50:13) accels: accel changed, scheduling save.
(02:50:13) accels: accel changed, scheduling save.
(02:50:13) accels: accel changed, scheduling save.
(02:50:13) accels: accel changed, scheduling save.
(02:50:15) GLib: Source ID 10074 was not found when attempting to remove it
(02:50:18) accels: saving accels to /home/usuario/.purple/accels
(02:50:19) pidgin-libnotify: Conversation Updated (OTHER)
(02:50:19) pidgin-libnotify: Conversation Updated (LOGGING)
(02:50:19) pidgin-libnotify: Conversation Updated (OTHER)
(02:50:19) pidgin-libnotify: Conversation Updated (UNSEEN)
(02:50:19) gtkconv: setting active conversation on toolbar 0x556134d7f250
(02:50:19) pidgin-libnotify: Conversation Updated (OTHER)
(02:50:19) pidgin-libnotify: Conversation Updated (OTHER)
(02:50:19) GLib: Source ID 10090 was not found when attempting to remove it
(02:50:19) pidgin-libnotify: Conversation Updated (UNSEEN)
(02:50:19) gtkconv: setting active conversation on toolbar 0x556134d7f250
(02:50:19) pidgin-libnotify: Conversation Updated (OTHER)
(02:50:19) pidgin-libnotify: Conversation Updated (OTHER)
(02:50:19) prefs: /pidgin/conversations/toolbar/wide changed, scheduling save.
(02:50:19) log: Failed to open log file "/home/usuario/.purple/logs/usuario@bfBox.log" for reading: Arquivo ou diretório não encontrado
(02:50:19) gtkconv: setting active conversation on toolbar 0x556134d7f250
(02:50:19) pidgin-libnotify: Conversation Updated (UNSEEN)
(02:50:23) util: Writing file blist.xml to directory /home/usuario/.purple
(02:50:23) util: Writing file /home/usuario/.purple/blist.xml
(02:50:24) pidgin-libnotify: Conversation Updated (UNSEEN)
(02:50:24) util: Writing file prefs.xml to directory /home/usuario/.purple
(02:50:24) util: Writing file /home/usuario/.purple/prefs.xml
(02:50:29) bonjour: _resolve_callback - name:usuario@bfBox account:0x556132144260 bb:0x55613214f3c0
(02:50:29) bonjour: _resolve_callback - name:usuario@bfBox ip:fe80::8d2f:5e11:2783:86ed%3 prev_ip:fe80::8d2f:5e11:2783:86ed%3
(02:50:29) blist: Updating buddy status for usuario@bfBox (Bonjour)
(02:50:29) pidgin-libnotify: Conversation Updated (UNSEEN)
(02:50:29) bonjour: _resolve_callback - name:usuario@bfBox account:0x556132144260 bb:0x55613214f3c0
(02:50:29) bonjour: _resolve_callback - name:usuario@bfBox ip:10.0.0.102 prev_ip:10.0.0.102
(02:50:29) blist: Updating buddy status for usuario@bfBox (Bonjour)
(02:50:39) bonjour: Received incoming connection from fe80::8d2f:5e11:2783:86ed%3.
(02:50:39) bonjour: Receive: -<?xml version="1.0" encoding="UTF-8" ?>
<stream:stream xmlns="jabber:client" xmlns:stream="http://etherx.jabber.org/streams" from="usuario@bfBox" to="usuario@mint-RV411">- 170 bytes
(02:50:39) bonjour: Found buddy usuario@bfBox for incoming conversation "from" attrib.
(02:50:39) bonjour: Matched buddy usuario@bfBox to incoming conversation "from" attrib and IP (fe80::8d2f:5e11:2783:86ed%3)
(02:50:39) bonjour: Receive: -<message to='usuario@mint-RV411' from='usuario@bfBox' type='chat'><body>bom</body><html xmlns='http://www.w3.org/1999/xhtml'><body><font>bom</font></body></html><x xmlns='jabber:x:event'><composing/></x></message>- 213 bytes
(02:50:39) pidgin-libnotify: Sender: (usuario@bfBox) ID (im:prpl-bonjour:usuario:usuario%40bfBox) 
(02:50:39) pidgin-libnotify: notify(), new: title: 'BfBox', body: 'bom', buddy: 'BfBox'
(02:50:39) pidgin-libnotify: notify(), has a buddy icon.
(02:50:39) pidgin-libnotify: Conversation Updated (UNSEEN)
(02:50:39) pidgin-libnotify: Conversation Updated (OTHER)
(02:50:46) pidgin-libnotify: closed_cb(), notification: 0x34dc3000
(02:50:47) pidgin-libnotify: Conversation Updated (UNSEEN)
(02:50:47) pidgin-libnotify: REMOVING ATTENTION FOR (im:prpl-bonjour:usuario:usuario%40bfBox) (0)
(02:50:47) pidgin-libnotify: Conversation Updated (OTHER)
(02:50:49) pidgin-libnotify: Conversation Updated (UNSEEN)
(02:50:49) pidgin-libnotify: REMOVING ATTENTION FOR (im:prpl-bonjour:usuario:usuario%40bfBox) (0)
(02:50:52) bonjour: Bonjour-send-file to=usuario@bfBox.
(02:50:52) bonjour: Bonjour-new-xfer to usuario@bfBox.
(02:50:52) bonjour: Bonjour-new-xfer bd=0x5561321d1eb0 data=0x5561321d1eb0.
(02:50:52) pidgin-libnotify: Conversation Updated (UNSEEN)
(02:50:52) pidgin-libnotify: REMOVING ATTENTION FOR (im:prpl-bonjour:usuario:usuario%40bfBox) (0)
(02:50:59) xfer: request accepted for 0x556134f566b0
(02:50:59) pidgin-libnotify: Conversation Updated (UNSEEN)
(02:50:59) pidgin-libnotify: REMOVING ATTENTION FOR (im:prpl-bonjour:usuario:usuario%40bfBox) (0)
(02:50:59) bonjour: Bonjour-xfer-init.
(02:50:59) bonjour: Bonjour xfer type is PURPLE_XFER_SEND.
(02:50:59) bonjour: xep file transfer stream initialization offer-id=1.
(02:50:59) pidgin-libnotify: Conversation Updated (UNSEEN)
(02:50:59) pidgin-libnotify: REMOVING ATTENTION FOR (im:prpl-bonjour:usuario:usuario%40bfBox) (0)
(02:51:07) bonjour: Receive: -<iq to='usuario@mint-RV411' from='usuario@bfBox' id='1' type='result'><si xmlns='http://jabber.org/protocol/si'><feature xmlns='http://jabber.org/protocol/feature-neg'><x xmlns='jabber:x:data' type='submit'><field var='stream-method'><value>http://jabber.org/protocol/bytestreams</value></field></x></feature></si></iq>- 319 bytes
(02:51:07) bonjour: xep-si-parse.
(02:51:07) bonjour: si offer Message type - RESULT.
(02:51:07) bonjour: Look for sid=1 from=usuario@bfBox xferlists.
(02:51:07) bonjour: Bonjour-bytestreams-init.
(02:51:07) network: Listening on port: 45194
(02:51:07) network: Skipping external port mapping.
(02:51:07) bonjour: Bonjour-bytestreams-listen. sock=24.
(02:51:08) bonjour: bonjour_sock5_request_cb - req_state = 0x0
(02:51:08) bonjour: Accepted SOCKS5 ft connection - fd=25
(02:51:08) bonjour: bonjour_sock5_request_cb - req_state = 0x1
(02:51:08) bonjour: bonjour_sock5_request_cb - req_state = 0x2
(02:51:08) bonjour: bonjour_sock5_request_cb - req_state = 0x3
(02:51:08) bonjour: bonjour_sock5_request_cb - req_state = 0x4
(02:51:08) bonjour: Receive: -<iq to='usuario@mint-RV411' from='usuario@bfBox' id='1' type='result'><query xmlns='http://jabber.org/protocol/bytestreams'><streamhost-used jid='1'/></query></iq>- 163 bytes
(02:51:08) bonjour: xep-bytestreams-parse.
(02:51:08) bonjour: bytestream offer Message type - Unknown-result.
(02:51:08) pidgin-libnotify: Conversation Updated (UNSEEN)
(02:51:08) pidgin-libnotify: REMOVING ATTENTION FOR (im:prpl-bonjour:usuario:usuario%40bfBox) (0)
(02:51:08) bonjour: Bonjour-xfer-end.
(02:51:08) bonjour: bonjour-free-xfer-0x556134f566b0.
(02:51:08) bonjour: B free xfer from lists((nil)).
(02:51:08) g_log: xmlnode_free_tree: assertion 'node != NULL' failed
(02:51:08) bonjour: Need close socket=-1.
(02:51:08) bonjour: Client completed recieving; closing server socket.
(02:51:22) bonjour: Receive: -</stream:stream>- 16 bytes
(02:51:28) pidgin-libnotify: Conversation Updated (UNSEEN)
(02:51:28) pidgin-libnotify: REMOVING ATTENTION FOR (im:prpl-bonjour:usuario:usuario%40bfBox) (0)
(02:52:11) pidgin-libnotify: Conversation Updated (UNSEEN)
(02:52:11) pidgin-libnotify: REMOVING ATTENTION FOR (im:prpl-bonjour:usuario:usuario%40bfBox) (0)
(02:52:13) pidgin-libnotify: Removing source (im:prpl-bonjour:usuario:usuario%40bfBox)
(02:52:13) accels: accel changed, scheduling save.
(02:52:13) accels: accel changed, scheduling save.
(02:52:13) accels: accel changed, scheduling save.
(02:52:13) accels: accel changed, scheduling save.
(02:52:13) accels: accel changed, scheduling save.
(02:52:15) prefs: /pidgin/blist/list_visible changed, scheduling save.
(02:52:18) accels: saving accels to /home/usuario/.purple/accels
(02:52:20) util: Writing file prefs.xml to directory /home/usuario/.purple
(02:52:20) util: Writing file /home/usuario/.purple/prefs.xml
